\BOOKMARK [1][-]{section.1}{\376\377\000P\000r\000o\000j\000e\000c\000t\000\040\000O\000v\000e\000r\000v\000i\000e\000w}{}% 1
\BOOKMARK [1][-]{section.2}{\376\377\000E\000n\000v\000i\000r\000o\000n\000m\000e\000n\000t\000\040\000S\000e\000t\000u\000p}{}% 2
\BOOKMARK [2][-]{subsection.2.1}{\376\377\000P\000r\000e\000r\000e\000q\000u\000i\000s\000i\000t\000e\000s}{section.2}% 3
\BOOKMARK [2][-]{subsection.2.2}{\376\377\000I\000n\000s\000t\000a\000l\000l\000a\000t\000i\000o\000n}{section.2}% 4
\BOOKMARK [1][-]{section.3}{\376\377\000D\000a\000t\000a\000s\000e\000t\000\040\000D\000e\000s\000c\000r\000i\000p\000t\000i\000o\000n}{}% 5
\BOOKMARK [1][-]{section.4}{\376\377\000A\000r\000c\000h\000i\000t\000e\000c\000t\000u\000r\000e\000\040\000O\000v\000e\000r\000v\000i\000e\000w}{}% 6
\BOOKMARK [1][-]{section.5}{\376\377\000E\000x\000e\000c\000u\000t\000i\000o\000n\000\040\000O\000r\000d\000e\000r}{}% 7
\BOOKMARK [1][-]{section.6}{\376\377\000M\000o\000d\000u\000l\000e\000\040\000R\000e\000f\000e\000r\000e\000n\000c\000e}{}% 8
\BOOKMARK [2][-]{subsection.6.1}{\376\377\000d\000a\000t\000a\000\137\000l\000o\000a\000d\000i\000n\000g\000.\000p\000y}{section.6}% 9
\BOOKMARK [2][-]{subsection.6.2}{\376\377\000f\000e\000a\000t\000u\000r\000e\000s\000/\000c\000o\000m\000p\000o\000s\000i\000t\000i\000o\000n\000.\000p\000y}{section.6}% 10
\BOOKMARK [2][-]{subsection.6.3}{\376\377\000f\000e\000a\000t\000u\000r\000e\000s\000/\000p\000h\000y\000s\000i\000c\000o\000c\000h\000e\000m\000i\000c\000a\000l\000.\000p\000y}{section.6}% 11
\BOOKMARK [2][-]{subsection.6.4}{\376\377\000f\000e\000a\000t\000u\000r\000e\000s\000/\000e\000m\000b\000e\000d\000d\000i\000n\000g\000s\000.\000p\000y}{section.6}% 12
\BOOKMARK [2][-]{subsection.6.5}{\376\377\000t\000r\000a\000i\000n\000i\000n\000g\000.\000p\000y}{section.6}% 13
\BOOKMARK [2][-]{subsection.6.6}{\376\377\000m\000o\000d\000e\000l\000s\000/\000b\000a\000s\000e\000l\000i\000n\000e\000.\000p\000y}{section.6}% 14
\BOOKMARK [2][-]{subsection.6.7}{\376\377\000m\000o\000d\000e\000l\000s\000/\000a\000d\000v\000a\000n\000c\000e\000d\000.\000p\000y}{section.6}% 15
\BOOKMARK [2][-]{subsection.6.8}{\376\377\000m\000o\000d\000e\000l\000s\000/\000f\000i\000n\000e\000t\000u\000n\000e\000.\000p\000y}{section.6}% 16
\BOOKMARK [2][-]{subsection.6.9}{\376\377\000m\000o\000d\000e\000l\000s\000/\000e\000n\000s\000e\000m\000b\000l\000e\000.\000p\000y}{section.6}% 17
\BOOKMARK [2][-]{subsection.6.10}{\376\377\000p\000r\000e\000d\000i\000c\000t\000\137\000b\000l\000i\000n\000d\000.\000p\000y}{section.6}% 18
\BOOKMARK [1][-]{section.7}{\376\377\000D\000a\000t\000a\000-\000L\000e\000a\000k\000a\000g\000e\000\040\000P\000r\000e\000v\000e\000n\000t\000i\000o\000n}{}% 19
\BOOKMARK [1][-]{section.8}{\376\377\000R\000e\000p\000r\000o\000d\000u\000c\000i\000b\000i\000l\000i\000t\000y}{}% 20
\BOOKMARK [1][-]{section.9}{\376\377\000R\000e\000s\000u\000l\000t\000s\000\040\000S\000u\000m\000m\000a\000r\000y\000\040\000\050\000G\000e\000n\000e\000r\000a\000t\000e\000d\000\040\000A\000r\000t\000i\000f\000a\000c\000t\000s\000\051}{}% 21
\BOOKMARK [1][-]{section.10}{\376\377\000F\000i\000g\000u\000r\000e\000s\000\040\000a\000n\000d\000\040\000O\000u\000t\000p\000u\000t\000s}{}% 22
\BOOKMARK [1][-]{section.11}{\376\377\000T\000r\000o\000u\000b\000l\000e\000s\000h\000o\000o\000t\000i\000n\000g}{}% 23
\BOOKMARK [2][-]{subsection.11.1}{\376\377\000C\000U\000D\000A\000\040\000O\000u\000t\000\040\000o\000f\000\040\000M\000e\000m\000o\000r\000y}{section.11}% 24
\BOOKMARK [2][-]{subsection.11.2}{\376\377\000S\000M\000O\000T\000E\000\040\000F\000a\000i\000l\000u\000r\000e}{section.11}% 25
\BOOKMARK [2][-]{subsection.11.3}{\376\377\000D\000i\000m\000e\000n\000s\000i\000o\000n\000\040\000M\000i\000s\000m\000a\000t\000c\000h\000\040\000i\000n\000\040\000B\000l\000i\000n\000d\000\040\000P\000r\000e\000d\000i\000c\000t\000i\000o\000n}{section.11}% 26
\BOOKMARK [1][-]{section.12}{\376\377\000A\000p\000p\000e\000n\000d\000i\000x\000:\000\040\000O\000u\000t\000p\000u\000t\000\040\000F\000i\000l\000e\000\040\000R\000e\000f\000e\000r\000e\000n\000c\000e}{}% 27
\BOOKMARK [2][-]{subsection.12.1}{\376\377\000J\000S\000O\000N\000\040\000F\000i\000l\000e\000s}{section.12}% 28
\BOOKMARK [2][-]{subsection.12.2}{\376\377\000M\000o\000d\000e\000l\000\040\000a\000n\000d\000\040\000C\000a\000c\000h\000e\000\040\000A\000r\000t\000i\000f\000a\000c\000t\000s}{section.12}% 29
